[0;34mğŸ”¨ Building project...[0m
[0;32mâœ… Build successful[0m

[0;34m=== RUNNING UI TESTS ===[0m
[0;34mğŸ§ª Running UI tests...[0m
[0;32mâœ… UI tests completed successfully[0m

[0;34m=== RUNNING FIX CYCLE ===[0m
[0;34mğŸ”„ Running automated fix-test cycle...[0m
[0;32mâœ… Fix-test cycle completed[0m

[0;34m=== GENERATING REPORT ===[0m
[0;34mğŸ“Š Generating test summary report...[0m
[0;32mğŸ“ Report generated: /Users/nathanhicks/NATHANS APPS/MultiCourtScore/TestResults/summary_report_20250829_191829.md[0m

[0;34m=== TEST SUMMARY ===[0m
âœ… **PASSED** - Project built successfully
âŒ **FAILED** - Issues found in primary flow
âŒ **FAILED** - Monkey test did not complete
ğŸ”„ **IN PROGRESS** - Some issues resolved, others may remain
[0;34mğŸ“‚ Opening results directory...[0m

[0;32mğŸ¯ Automated testing completed![0m
Check the report and logs in: /Users/nathanhicks/NATHANS APPS/MultiCourtScore/TestResults
